[0.079s] Invoking command in '/home/sam/piper_ros/build/raised_goal': CMAKE_PREFIX_PATH=${CMAKE_PREFIX_PATH}:/home/sam/piper_ros/install/piper:/home/sam/ws_moveit/install/moveit_configs_utils:/home/sam/ws_moveit/install/launch_param_builder:/opt/ros/humble /usr/bin/cmake --build /home/sam/piper_ros/build/raised_goal -- -j4 -l4
[0.332s] [35m[1mConsolidate compiler generated dependencies of target raised_goal[0m
[0.465s] [ 50%] [32mBuilding CXX object CMakeFiles/raised_goal.dir/src/raised_goal.cpp.o[0m
[8.838s] [01m[K/home/sam/piper_ros/src/raised_goal/src/raised_goal.cpp:[m[K In function â€˜[01m[Kint main(int, char**)[m[Kâ€™:
[8.838s] [01m[K/home/sam/piper_ros/src/raised_goal/src/raised_goal.cpp:60:3:[m[K [01;31m[Kerror: [m[Kâ€˜[01m[Kjoint_names[m[Kâ€™ was not declared in this scope
[8.838s]    60 |   [01;31m[Kjoint_names[m[K = {"joint1", "joint2", "joint3", "joint4", "joint5", "joint6", "joint7"};
[8.839s]       |   [01;31m[K^~~~~~~~~~~[m[K
[8.848s] [01m[K/home/sam/piper_ros/src/raised_goal/src/raised_goal.cpp:62:3:[m[K [01;31m[Kerror: [m[Kâ€˜[01m[Kjoint_values[m[Kâ€™ was not declared in this scope
[8.848s]    62 |   [01;31m[Kjoint_values[m[K = {0.0, 1.46, -2.967, 0.0, -0.072, 0.0, 0.0}
[8.848s]       |   [01;31m[K^~~~~~~~~~~~[m[K
[8.858s] [01m[K/home/sam/piper_ros/src/raised_goal/src/raised_goal.cpp:66:7:[m[K [01;31m[Kerror: [m[Kâ€˜[01m[Kjoint_targets[m[Kâ€™ was not declared in this scope
[8.858s]    66 |       [01;31m[Kjoint_targets[m[K[joint_names[i]] = joint_values[i];
[8.858s]       |       [01;31m[K^~~~~~~~~~~~~[m[K
[8.868s] [01m[K/home/sam/piper_ros/src/raised_goal/src/raised_goal.cpp:70:55:[m[K [01;31m[Kerror: [m[Kâ€˜[01m[Kjoint_targets[m[Kâ€™ was not declared in this scope
[8.868s]    70 |   bool within_bounds = move_group.setJointValueTarget([01;31m[Kjoint_targets[m[K);
[8.868s]       |                                                       [01;31m[K^~~~~~~~~~~~~[m[K
[11.744s] gmake[2]: *** [CMakeFiles/raised_goal.dir/build.make:76: CMakeFiles/raised_goal.dir/src/raised_goal.cpp.o] Error 1
[11.744s] gmake[1]: *** [CMakeFiles/Makefile2:137: CMakeFiles/raised_goal.dir/all] Error 2
[11.745s] gmake: *** [Makefile:146: all] Error 2
[11.749s] Invoked command in '/home/sam/piper_ros/build/raised_goal' returned '2': CMAKE_PREFIX_PATH=${CMAKE_PREFIX_PATH}:/home/sam/piper_ros/install/piper:/home/sam/ws_moveit/install/moveit_configs_utils:/home/sam/ws_moveit/install/launch_param_builder:/opt/ros/humble /usr/bin/cmake --build /home/sam/piper_ros/build/raised_goal -- -j4 -l4
