[0.042s] Invoking command in '/home/sam/piper_ros/build/raised_goal': CMAKE_PREFIX_PATH=${CMAKE_PREFIX_PATH}:/home/sam/piper_ros/install/piper:/home/sam/ws_moveit/install/moveit_configs_utils:/home/sam/ws_moveit/install/launch_param_builder:/opt/ros/humble /usr/bin/cmake --build /home/sam/piper_ros/build/raised_goal -- -j4 -l4
[0.335s] [35m[1mConsolidate compiler generated dependencies of target raised_goal[0m
[0.530s] [ 50%] [32mBuilding CXX object CMakeFiles/raised_goal.dir/src/raised_goal.cpp.o[0m
[8.693s] [01m[K/home/sam/piper_ros/src/raised_goal/src/raised_goal.cpp:[m[K In function â€˜[01m[Kint main(int, char**)[m[Kâ€™:
[8.693s] [01m[K/home/sam/piper_ros/src/raised_goal/src/raised_goal.cpp:67:51:[m[K [01;31m[Kerror: [m[Kexpected â€˜[01m[K;[m[Kâ€™ before â€˜[01m[Kauto[m[Kâ€™
[8.693s]    67 |   move_group.setMaxAccelerationScalingFactor(0.05)
[8.693s]       |                                                   [01;31m[K^[m[K
[8.693s]       |                                                   [32m[K;[m[K
[8.693s] ......
[8.693s]    70 |   [32m[Kauto[m[K const collision_object = [frame_id = move_group_interface.getPlanningFrame()] {
[8.693s]       |   [32m[K~~~~[m[K                                             
[8.693s] [01m[K/home/sam/piper_ros/src/raised_goal/src/raised_goal.cpp:132:5:[m[K [01;31m[Kerror: [m[Kexpected primary-expression before â€˜[01m[K)[m[Kâ€™ token
[8.693s]   132 |   }([01;31m[K)[m[K;
[8.693s]       |     [01;31m[K^[m[K
[8.708s] [01m[K/home/sam/piper_ros/src/raised_goal/src/raised_goal.cpp:163:49:[m[K [01;31m[Kerror: [m[Kâ€˜[01m[Kcollision_object[m[Kâ€™ was not declared in this scope
[8.709s]   163 |   planning_scene_interface.applyCollisionObject([01;31m[Kcollision_object[m[K);
[8.709s]       |                                                 [01;31m[K^~~~~~~~~~~~~~~~[m[K
[8.726s] [01m[K/home/sam/piper_ros/src/raised_goal/src/raised_goal.cpp:167:34:[m[K [01;31m[Kerror: [m[Kâ€˜[01m[Kmove_group_interface[m[Kâ€™ was not declared in this scope
[8.726s]   167 |   auto const [success, plan] = [&[01;31m[Kmove_group_interface[m[K]{
[8.726s]       |                                  [01;31m[K^~~~~~~~~~~~~~~~~~~~[m[K
[8.726s] [01m[K/home/sam/piper_ros/src/raised_goal/src/raised_goal.cpp:[m[K In lambda function:
[8.726s] [01m[K/home/sam/piper_ros/src/raised_goal/src/raised_goal.cpp:169:39:[m[K [01;31m[Kerror: [m[Kâ€˜[01m[Kmove_group_interface[m[Kâ€™ is not captured
[8.726s]   169 |     auto const ok = static_cast<bool>([01;31m[Kmove_group_interface[m[K.plan(msg));
[8.727s]       |                                       [01;31m[K^~~~~~~~~~~~~~~~~~~~[m[K
[8.727s] [01m[K/home/sam/piper_ros/src/raised_goal/src/raised_goal.cpp:167:54:[m[K [01;36m[Knote: [m[Kthe lambda has no capture-default
[8.727s]   167 |   auto const [success, plan] = [&move_group_interface[01;36m[K][m[K{
[8.727s]       |                                                      [01;36m[K^[m[K
[8.727s] [01m[K/home/sam/piper_ros/src/raised_goal/src/raised_goal.cpp:167:34:[m[K [01;36m[Knote: [m[Kâ€˜[01m[K<typeprefixerror>move_group_interface[m[Kâ€™ declared here
[8.727s]   167 |   auto const [success, plan] = [&[01;36m[Kmove_group_interface[m[K]{
[8.727s]       |                                  [01;36m[K^~~~~~~~~~~~~~~~~~~~[m[K
[11.799s] gmake[2]: *** [CMakeFiles/raised_goal.dir/build.make:76: CMakeFiles/raised_goal.dir/src/raised_goal.cpp.o] Error 1
[11.799s] gmake[1]: *** [CMakeFiles/Makefile2:137: CMakeFiles/raised_goal.dir/all] Error 2
[11.799s] gmake: *** [Makefile:146: all] Error 2
[11.802s] Invoked command in '/home/sam/piper_ros/build/raised_goal' returned '2': CMAKE_PREFIX_PATH=${CMAKE_PREFIX_PATH}:/home/sam/piper_ros/install/piper:/home/sam/ws_moveit/install/moveit_configs_utils:/home/sam/ws_moveit/install/launch_param_builder:/opt/ros/humble /usr/bin/cmake --build /home/sam/piper_ros/build/raised_goal -- -j4 -l4
