[0.059s] Invoking command in '/home/sam/piper_ros/build/piper_msgs': CMAKE_PREFIX_PATH=/opt/ros/humble /usr/bin/cmake /home/sam/piper_ros/src/piper_msgs -DAMENT_CMAKE_SYMLINK_INSTALL=1 -DCMAKE_INSTALL_PREFIX=/home/sam/piper_ros/install/piper_msgs
[0.083s] -- Found ament_cmake: 1.3.11 (/opt/ros/humble/share/ament_cmake/cmake)
[0.343s] -- Override CMake install command with custom implementation using symlinks instead of copying resources
[0.360s] -- Found rclpy: 3.3.15 (/opt/ros/humble/share/rclpy/cmake)
[0.361s] -- Found rosidl_default_generators: 1.2.0 (/opt/ros/humble/share/rosidl_default_generators/cmake)
[0.370s] -- Using all available rosidl_typesupport_c: rosidl_typesupport_fastrtps_c;rosidl_typesupport_introspection_c
[0.384s] -- Found rosidl_adapter: 3.1.6 (/opt/ros/humble/share/rosidl_adapter/cmake)
[0.539s] -- Using all available rosidl_typesupport_cpp: rosidl_typesupport_fastrtps_cpp;rosidl_typesupport_introspection_cpp
[1.412s] -- Found ament_cmake_ros: 0.10.0 (/opt/ros/humble/share/ament_cmake_ros/cmake)
[1.789s] -- Using all available rosidl_typesupport_c: rosidl_typesupport_fastrtps_c;rosidl_typesupport_introspection_c
[2.176s] -- Using all available rosidl_typesupport_cpp: rosidl_typesupport_fastrtps_cpp;rosidl_typesupport_introspection_cpp
[2.209s] -- Found python_cmake_module: 0.10.0 (/opt/ros/humble/share/python_cmake_module/cmake)
[2.242s] -- Using PYTHON_EXECUTABLE: /usr/bin/python3
[2.242s] -- Using PYTHON_INCLUDE_DIRS: /usr/include/python3.10
[2.242s] -- Using PYTHON_LIBRARIES: /usr/lib/x86_64-linux-gnu/libpython3.10.so
[2.263s] -- Found ament_lint_auto: 0.12.11 (/opt/ros/humble/share/ament_lint_auto/cmake)
[2.281s] -- Added test 'lint_cmake' to check CMake code style
[2.282s] -- Added test 'xmllint' to check XML markup files
[2.287s] -- Configuring done
[2.334s] -- Generating done
[2.349s] -- Build files have been written to: /home/sam/piper_ros/build/piper_msgs
[2.358s] Invoked command in '/home/sam/piper_ros/build/piper_msgs' returned '0': CMAKE_PREFIX_PATH=/opt/ros/humble /usr/bin/cmake /home/sam/piper_ros/src/piper_msgs -DAMENT_CMAKE_SYMLINK_INSTALL=1 -DCMAKE_INSTALL_PREFIX=/home/sam/piper_ros/install/piper_msgs
[2.360s] Invoking command in '/home/sam/piper_ros/build/piper_msgs': CMAKE_PREFIX_PATH=/opt/ros/humble /usr/bin/cmake --build /home/sam/piper_ros/build/piper_msgs -- -j4 -l4
[2.420s] [35m[1mConsolidate compiler generated dependencies of target piper_msgs__rosidl_generator_c[0m
[2.433s] failed to create symbolic link '/home/sam/piper_ros/build/piper_msgs/ament_cmake_python/piper_msgs/piper_msgs' because existing path cannot be removed: Is a directory
[2.434s] gmake[2]: *** [CMakeFiles/ament_cmake_python_symlink_piper_msgs.dir/build.make:70: CMakeFiles/ament_cmake_python_symlink_piper_msgs] Error 1
[2.435s] gmake[1]: *** [CMakeFiles/Makefile2:421: CMakeFiles/ament_cmake_python_symlink_piper_msgs.dir/all] Error 2
[2.435s] gmake[1]: *** Waiting for unfinished jobs....
[2.436s] [  4%] Built target piper_msgs__cpp
[2.436s] [ 12%] Built target piper_msgs__rosidl_generator_c
[2.438s] gmake: *** [Makefile:146: all] Error 2
[2.440s] Invoked command in '/home/sam/piper_ros/build/piper_msgs' returned '2': CMAKE_PREFIX_PATH=/opt/ros/humble /usr/bin/cmake --build /home/sam/piper_ros/build/piper_msgs -- -j4 -l4
