[01m[K/home/sam/piper_ros/src/raised_goal/src/raised_goal.cpp:[m[K In function â€˜[01m[Kint main(int, char**)[m[Kâ€™:
[01m[K/home/sam/piper_ros/src/raised_goal/src/raised_goal.cpp:28:3:[m[K [01;31m[Kerror: [m[Kexpected â€˜[01m[K,[m[Kâ€™ or â€˜[01m[K;[m[Kâ€™ before â€˜[01m[Kmoveit[m[Kâ€™
   28 |   [01;31m[Kmoveit[m[K::planning_interface::PlanningSceneInterface planning_scene_interface;
      |   [01;31m[K^~~~~~[m[K
[01m[K/home/sam/piper_ros/src/raised_goal/src/raised_goal.cpp:44:3:[m[K [01;31m[Kerror: [m[Kexpected â€˜[01m[K,[m[Kâ€™ or â€˜[01m[K;[m[Kâ€™ before â€˜[01m[Kmoveit[m[Kâ€™
   44 |   [01;31m[Kmoveit[m[K::core::RobotStatePtr current_state = move_group.getCurrentState(7);
      |   [01;31m[K^~~~~~[m[K
[01m[K/home/sam/piper_ros/src/raised_goal/src/raised_goal.cpp:48:3:[m[K [01;31m[Kerror: [m[Kâ€˜[01m[Kcurrent_state[m[Kâ€™ was not declared in this scope
   48 |   [01;31m[Kcurrent_state[m[K->copyJointGroupPositions(joint_model_group, joint_group_positions);
      |   [01;31m[K^~~~~~~~~~~~~[m[K
[01m[K/home/sam/piper_ros/src/raised_goal/src/raised_goal.cpp:67:51:[m[K [01;31m[Kerror: [m[Kexpected â€˜[01m[K;[m[Kâ€™ before â€˜[01m[Kauto[m[Kâ€™
   67 |   move_group.setMaxAccelerationScalingFactor(0.05)
      |                                                   [01;31m[K^[m[K
      |                                                   [32m[K;[m[K
......
   70 |   [32m[Kauto[m[K const collision_object = [frame_id = move_group_interface.getPlanningFrame()] {
      |   [32m[K~~~~[m[K                                             
[01m[K/home/sam/piper_ros/src/raised_goal/src/raised_goal.cpp:132:5:[m[K [01;31m[Kerror: [m[Kexpected primary-expression before â€˜[01m[K)[m[Kâ€™ token
  132 |   }([01;31m[K)[m[K;
      |     [01;31m[K^[m[K
[01m[K/home/sam/piper_ros/src/raised_goal/src/raised_goal.cpp:163:3:[m[K [01;31m[Kerror: [m[Kâ€˜[01m[Kplanning_scene_interface[m[Kâ€™ was not declared in this scope
  163 |   [01;31m[Kplanning_scene_interface[m[K.applyCollisionObject(collision_object);
      |   [01;31m[K^~~~~~~~~~~~~~~~~~~~~~~~[m[K
[01m[K/home/sam/piper_ros/src/raised_goal/src/raised_goal.cpp:163:49:[m[K [01;31m[Kerror: [m[Kâ€˜[01m[Kcollision_object[m[Kâ€™ was not declared in this scope
  163 |   planning_scene_interface.applyCollisionObject([01;31m[Kcollision_object[m[K);
      |                                                 [01;31m[K^~~~~~~~~~~~~~~~[m[K
[01m[K/home/sam/piper_ros/src/raised_goal/src/raised_goal.cpp:167:34:[m[K [01;31m[Kerror: [m[Kâ€˜[01m[Kmove_group_interface[m[Kâ€™ was not declared in this scope
  167 |   auto const [success, plan] = [&[01;31m[Kmove_group_interface[m[K]{
      |                                  [01;31m[K^~~~~~~~~~~~~~~~~~~~[m[K
[01m[K/home/sam/piper_ros/src/raised_goal/src/raised_goal.cpp:[m[K In lambda function:
[01m[K/home/sam/piper_ros/src/raised_goal/src/raised_goal.cpp:169:39:[m[K [01;31m[Kerror: [m[Kâ€˜[01m[Kmove_group_interface[m[Kâ€™ is not captured
  169 |     auto const ok = static_cast<bool>([01;31m[Kmove_group_interface[m[K.plan(msg));
      |                                       [01;31m[K^~~~~~~~~~~~~~~~~~~~[m[K
[01m[K/home/sam/piper_ros/src/raised_goal/src/raised_goal.cpp:167:54:[m[K [01;36m[Knote: [m[Kthe lambda has no capture-default
  167 |   auto const [success, plan] = [&move_group_interface[01;36m[K][m[K{
      |                                                      [01;36m[K^[m[K
[01m[K/home/sam/piper_ros/src/raised_goal/src/raised_goal.cpp:167:34:[m[K [01;36m[Knote: [m[Kâ€˜[01m[K<typeprefixerror>move_group_interface[m[Kâ€™ declared here
  167 |   auto const [success, plan] = [&[01;36m[Kmove_group_interface[m[K]{
      |                                  [01;36m[K^~~~~~~~~~~~~~~~~~~~[m[K
gmake[2]: *** [CMakeFiles/raised_goal.dir/build.make:76: CMakeFiles/raised_goal.dir/src/raised_goal.cpp.o] Error 1
gmake[1]: *** [CMakeFiles/Makefile2:137: CMakeFiles/raised_goal.dir/all] Error 2
gmake: *** [Makefile:146: all] Error 2
