[35m[1mConsolidate compiler generated dependencies of target raised_goal[0m
[ 50%] [32mBuilding CXX object CMakeFiles/raised_goal.dir/src/raised_goal.cpp.o[0m
[01m[K/home/sam/piper_ros/src/raised_goal/src/raised_goal.cpp:[m[K In function â€˜[01m[Kint main(int, char**)[m[Kâ€™:
[01m[K/home/sam/piper_ros/src/raised_goal/src/raised_goal.cpp:64:3:[m[K [01;31m[Kerror: [m[Kexpected â€˜[01m[K,[m[Kâ€™ or â€˜[01m[K;[m[Kâ€™ before â€˜[01m[Kstd[m[Kâ€™
   64 |   [01;31m[Kstd[m[K::map<std::string, double> joint_targets;
      |   [01;31m[K^~~[m[K
[01m[K/home/sam/piper_ros/src/raised_goal/src/raised_goal.cpp:66:7:[m[K [01;31m[Kerror: [m[Kâ€˜[01m[Kjoint_targets[m[Kâ€™ was not declared in this scope; did you mean â€˜[01m[Kjoint_values[m[Kâ€™?
   66 |       [01;31m[Kjoint_targets[m[K[joint_names[i]] = joint_values[i];
      |       [01;31m[K^~~~~~~~~~~~~[m[K
      |       [32m[Kjoint_values[m[K
[01m[K/home/sam/piper_ros/src/raised_goal/src/raised_goal.cpp:70:55:[m[K [01;31m[Kerror: [m[Kâ€˜[01m[Kjoint_targets[m[Kâ€™ was not declared in this scope; did you mean â€˜[01m[Kjoint_values[m[Kâ€™?
   70 |   bool within_bounds = move_group.setJointValueTarget([01;31m[Kjoint_targets[m[K);
      |                                                       [01;31m[K^~~~~~~~~~~~~[m[K
      |                                                       [32m[Kjoint_values[m[K
gmake[2]: *** [CMakeFiles/raised_goal.dir/build.make:76: CMakeFiles/raised_goal.dir/src/raised_goal.cpp.o] Error 1
gmake[1]: *** [CMakeFiles/Makefile2:137: CMakeFiles/raised_goal.dir/all] Error 2
gmake: *** [Makefile:146: all] Error 2
