[0.047s] Invoking command in '/home/sam/piper_ros/build/raised_goal': CMAKE_PREFIX_PATH=${CMAKE_PREFIX_PATH}:/home/sam/piper_ros/install/piper:/home/sam/ws_moveit/install/moveit_configs_utils:/home/sam/ws_moveit/install/launch_param_builder:/opt/ros/humble /usr/bin/cmake --build /home/sam/piper_ros/build/raised_goal -- -j4 -l4
[0.377s] [ 50%] [32mBuilding CXX object CMakeFiles/raised_goal.dir/src/raised_goal.cpp.o[0m
[9.699s] [01m[K/home/sam/piper_ros/src/raised_goal/src/raised_goal.cpp:[m[K In function â€˜[01m[Kint main(int, char**)[m[Kâ€™:
[9.699s] [01m[K/home/sam/piper_ros/src/raised_goal/src/raised_goal.cpp:39:60:[m[K [01;31m[Kerror: [m[Kâ€˜[01m[Kmove_group[m[Kâ€™ was not declared in this scope
[9.699s]    39 |   const moveit::core::JointModelGroup* joint_model_group = [01;31m[Kmove_group[m[K.getCurrentState()->getJointModelGroup("arm")
[9.699s]       |                                                            [01;31m[K^~~~~~~~~~[m[K
[9.709s] [01m[K/home/sam/piper_ros/src/raised_goal/src/raised_goal.cpp:46:3:[m[K [01;31m[Kerror: [m[Kâ€˜[01m[Kcurrent_state[m[Kâ€™ was not declared in this scope
[9.709s]    46 |   [01;31m[Kcurrent_state[m[K->copyJointGroupPositions(joint_model_group, joint_group_positions);
[9.709s]       |   [01;31m[K^~~~~~~~~~~~~[m[K
[9.710s] [01m[K/home/sam/piper_ros/src/raised_goal/src/raised_goal.cpp:130:5:[m[K [01;31m[Kerror: [m[Kexpected primary-expression before â€˜[01m[K)[m[Kâ€™ token
[9.710s]   130 |   }([01;31m[K)[m[K;
[9.710s]       |     [01;31m[K^[m[K
[9.725s] [01m[K/home/sam/piper_ros/src/raised_goal/src/raised_goal.cpp:161:49:[m[K [01;31m[Kerror: [m[Kâ€˜[01m[Kcollision_object[m[Kâ€™ was not declared in this scope
[9.726s]   161 |   planning_scene_interface.applyCollisionObject([01;31m[Kcollision_object[m[K);
[9.726s]       |                                                 [01;31m[K^~~~~~~~~~~~~~~~[m[K
[12.807s] gmake[2]: *** [CMakeFiles/raised_goal.dir/build.make:76: CMakeFiles/raised_goal.dir/src/raised_goal.cpp.o] Error 1
[12.807s] gmake[1]: *** [CMakeFiles/Makefile2:137: CMakeFiles/raised_goal.dir/all] Error 2
[12.807s] gmake: *** [Makefile:146: all] Error 2
[12.812s] Invoked command in '/home/sam/piper_ros/build/raised_goal' returned '2': CMAKE_PREFIX_PATH=${CMAKE_PREFIX_PATH}:/home/sam/piper_ros/install/piper:/home/sam/ws_moveit/install/moveit_configs_utils:/home/sam/ws_moveit/install/launch_param_builder:/opt/ros/humble /usr/bin/cmake --build /home/sam/piper_ros/build/raised_goal -- -j4 -l4
