[0.139s] Invoking command in '/home/sam/piper_ros/build/raised_goal': CMAKE_PREFIX_PATH=${CMAKE_PREFIX_PATH}:/home/sam/piper_ros/install/piper:/home/sam/ws_moveit/install/moveit_configs_utils:/home/sam/ws_moveit/install/launch_param_builder:/opt/ros/humble /usr/bin/cmake --build /home/sam/piper_ros/build/raised_goal -- -j4 -l4
[0.556s] [35m[1mConsolidate compiler generated dependencies of target raised_goal[0m
[0.763s] [ 50%] [32mBuilding CXX object CMakeFiles/raised_goal.dir/src/raised_goal.cpp.o[0m
[9.053s] [01m[K/home/sam/piper_ros/src/raised_goal/src/raised_goal.cpp:[m[K In function â€˜[01m[Kint main(int, char**)[m[Kâ€™:
[9.054s] [01m[K/home/sam/piper_ros/src/raised_goal/src/raised_goal.cpp:44:3:[m[K [01;31m[Kerror: [m[Kexpected â€˜[01m[K,[m[Kâ€™ or â€˜[01m[K;[m[Kâ€™ before â€˜[01m[Kmoveit[m[Kâ€™
[9.054s]    44 |   [01;31m[Kmoveit[m[K::core::RobotStatePtr current_state = move_group.getCurrentState(7);
[9.054s]       |   [01;31m[K^~~~~~[m[K
[9.064s] [01m[K/home/sam/piper_ros/src/raised_goal/src/raised_goal.cpp:48:3:[m[K [01;31m[Kerror: [m[Kâ€˜[01m[Kcurrent_state[m[Kâ€™ was not declared in this scope
[9.064s]    48 |   [01;31m[Kcurrent_state[m[K->copyJointGroupPositions(joint_model_group, joint_group_positions);
[9.065s]       |   [01;31m[K^~~~~~~~~~~~~[m[K
[9.065s] [01m[K/home/sam/piper_ros/src/raised_goal/src/raised_goal.cpp:67:51:[m[K [01;31m[Kerror: [m[Kexpected â€˜[01m[K;[m[Kâ€™ before â€˜[01m[Kauto[m[Kâ€™
[9.065s]    67 |   move_group.setMaxAccelerationScalingFactor(0.05)
[9.065s]       |                                                   [01;31m[K^[m[K
[9.066s]       |                                                   [32m[K;[m[K
[9.066s] ......
[9.066s]    70 |   [32m[Kauto[m[K const collision_object = [frame_id = move_group_interface.getPlanningFrame()] {
[9.066s]       |   [32m[K~~~~[m[K                                             
[9.066s] [01m[K/home/sam/piper_ros/src/raised_goal/src/raised_goal.cpp:132:5:[m[K [01;31m[Kerror: [m[Kexpected primary-expression before â€˜[01m[K)[m[Kâ€™ token
[9.066s]   132 |   }([01;31m[K)[m[K;
[9.066s]       |     [01;31m[K^[m[K
[9.090s] [01m[K/home/sam/piper_ros/src/raised_goal/src/raised_goal.cpp:163:49:[m[K [01;31m[Kerror: [m[Kâ€˜[01m[Kcollision_object[m[Kâ€™ was not declared in this scope
[9.091s]   163 |   planning_scene_interface.applyCollisionObject([01;31m[Kcollision_object[m[K);
[9.091s]       |                                                 [01;31m[K^~~~~~~~~~~~~~~~[m[K
[9.112s] [01m[K/home/sam/piper_ros/src/raised_goal/src/raised_goal.cpp:167:34:[m[K [01;31m[Kerror: [m[Kâ€˜[01m[Kmove_group_interface[m[Kâ€™ was not declared in this scope
[9.112s]   167 |   auto const [success, plan] = [&[01;31m[Kmove_group_interface[m[K]{
[9.112s]       |                                  [01;31m[K^~~~~~~~~~~~~~~~~~~~[m[K
[9.113s] [01m[K/home/sam/piper_ros/src/raised_goal/src/raised_goal.cpp:[m[K In lambda function:
[9.113s] [01m[K/home/sam/piper_ros/src/raised_goal/src/raised_goal.cpp:169:39:[m[K [01;31m[Kerror: [m[Kâ€˜[01m[Kmove_group_interface[m[Kâ€™ is not captured
[9.113s]   169 |     auto const ok = static_cast<bool>([01;31m[Kmove_group_interface[m[K.plan(msg));
[9.113s]       |                                       [01;31m[K^~~~~~~~~~~~~~~~~~~~[m[K
[9.113s] [01m[K/home/sam/piper_ros/src/raised_goal/src/raised_goal.cpp:167:54:[m[K [01;36m[Knote: [m[Kthe lambda has no capture-default
[9.113s]   167 |   auto const [success, plan] = [&move_group_interface[01;36m[K][m[K{
[9.113s]       |                                                      [01;36m[K^[m[K
[9.113s] [01m[K/home/sam/piper_ros/src/raised_goal/src/raised_goal.cpp:167:34:[m[K [01;36m[Knote: [m[Kâ€˜[01m[K<typeprefixerror>move_group_interface[m[Kâ€™ declared here
[9.113s]   167 |   auto const [success, plan] = [&[01;36m[Kmove_group_interface[m[K]{
[9.114s]       |                                  [01;36m[K^~~~~~~~~~~~~~~~~~~~[m[K
[12.109s] gmake[2]: *** [CMakeFiles/raised_goal.dir/build.make:76: CMakeFiles/raised_goal.dir/src/raised_goal.cpp.o] Error 1
[12.109s] gmake[1]: *** [CMakeFiles/Makefile2:137: CMakeFiles/raised_goal.dir/all] Error 2
[12.109s] gmake: *** [Makefile:146: all] Error 2
[12.112s] Invoked command in '/home/sam/piper_ros/build/raised_goal' returned '2': CMAKE_PREFIX_PATH=${CMAKE_PREFIX_PATH}:/home/sam/piper_ros/install/piper:/home/sam/ws_moveit/install/moveit_configs_utils:/home/sam/ws_moveit/install/launch_param_builder:/opt/ros/humble /usr/bin/cmake --build /home/sam/piper_ros/build/raised_goal -- -j4 -l4
