[01m[K/home/sam/piper_ros/src/raised_goal/src/raised_goal.cpp:[m[K In function â€˜[01m[Kint main(int, char**)[m[Kâ€™:
[01m[K/home/sam/piper_ros/src/raised_goal/src/raised_goal.cpp:168:34:[m[K [01;31m[Kerror: [m[Kâ€˜[01m[Kmove_group_interface[m[Kâ€™ was not declared in this scope
  168 |   auto const [success, plan] = [&[01;31m[Kmove_group_interface[m[K]{
      |                                  [01;31m[K^~~~~~~~~~~~~~~~~~~~[m[K
[01m[K/home/sam/piper_ros/src/raised_goal/src/raised_goal.cpp:[m[K In lambda function:
[01m[K/home/sam/piper_ros/src/raised_goal/src/raised_goal.cpp:170:39:[m[K [01;31m[Kerror: [m[Kâ€˜[01m[Kmove_group_interface[m[Kâ€™ is not captured
  170 |     auto const ok = static_cast<bool>([01;31m[Kmove_group_interface[m[K.plan(msg));
      |                                       [01;31m[K^~~~~~~~~~~~~~~~~~~~[m[K
[01m[K/home/sam/piper_ros/src/raised_goal/src/raised_goal.cpp:168:54:[m[K [01;36m[Knote: [m[Kthe lambda has no capture-default
  168 |   auto const [success, plan] = [&move_group_interface[01;36m[K][m[K{
      |                                                      [01;36m[K^[m[K
[01m[K/home/sam/piper_ros/src/raised_goal/src/raised_goal.cpp:168:34:[m[K [01;36m[Knote: [m[Kâ€˜[01m[K<typeprefixerror>move_group_interface[m[Kâ€™ declared here
  168 |   auto const [success, plan] = [&[01;36m[Kmove_group_interface[m[K]{
      |                                  [01;36m[K^~~~~~~~~~~~~~~~~~~~[m[K
gmake[2]: *** [CMakeFiles/raised_goal.dir/build.make:76: CMakeFiles/raised_goal.dir/src/raised_goal.cpp.o] Error 1
gmake[1]: *** [CMakeFiles/Makefile2:137: CMakeFiles/raised_goal.dir/all] Error 2
gmake: *** [Makefile:146: all] Error 2
